  [4;36;1mSQL (36.9ms)[0m   [0;1mSET SQL_AUTO_IS_NULL=0[0m


Processing UserController#login (for 127.0.0.1 at 2015-08-29 03:54:39) [GET]
  Parameters: {"action"=>"login", "controller"=>"user"}
  [4;35;1mUser Columns (142.9ms)[0m   [0mSHOW FIELDS FROM `users`[0m
  [4;36;1mUser Load (37.0ms)[0m   [0;1mSELECT * FROM `users` WHERE (`users`.`id` = 1) AND (`users`.`is_deleted` = 0) [0m
  [4;35;1mCACHE (0.0ms)[0m   [0mSELECT * FROM `users` WHERE (`users`.`id` = 1) AND (`users`.`is_deleted` = 0) [0m
  [4;36;1mConfiguration Columns (2.3ms)[0m   [0;1mSHOW FIELDS FROM `configurations`[0m
  [4;35;1mConfiguration Load (0.6ms)[0m   [0mSELECT * FROM `configurations` WHERE (`configurations`.`config_key` = 'Locale') LIMIT 1[0m
  [4;36;1mNews Columns (18.5ms)[0m   [0;1mSHOW FIELDS FROM `news`[0m
Expired fragment: views/News_latest_fragment (0.1ms)
  [4;35;1mConfiguration Load (0.3ms)[0m   [0mSELECT * FROM `configurations` WHERE (`configurations`.`config_key` = 'StudentAttendanceType') LIMIT 1[0m
  [4;36;1mConfiguration Load (0.3ms)[0m   [0;1mSELECT * FROM `configurations` WHERE (`configurations`.`config_key` = 'AvailableModules') [0m
Redirected to http://localhost:3000/user/dashboard
Filter chain halted as [:check_if_loggedin] rendered_or_redirected.
Completed in 928ms (DB: 239) | 302 Found [http://localhost/]
  [4;35;1mSQL (0.2ms)[0m   [0mSET SQL_AUTO_IS_NULL=0[0m


Processing UserController#login (for 127.0.0.1 at 2015-08-29 03:54:40) [GET]
  Parameters: {"action"=>"login", "controller"=>"user"}
  [4;36;1mUser Columns (2.5ms)[0m   [0;1mSHOW FIELDS FROM `users`[0m
  [4;35;1mUser Load (0.7ms)[0m   [0mSELECT * FROM `users` WHERE (`users`.`id` = 1) AND (`users`.`is_deleted` = 0) [0m
  [4;36;1mCACHE (0.0ms)[0m   [0;1mSELECT * FROM `users` WHERE (`users`.`id` = 1) AND (`users`.`is_deleted` = 0) [0m
  [4;35;1mConfiguration Columns (2.2ms)[0m   [0mSHOW FIELDS FROM `configurations`[0m
  [4;36;1mConfiguration Load (0.5ms)[0m   [0;1mSELECT * FROM `configurations` WHERE (`configurations`.`config_key` = 'Locale') LIMIT 1[0m
  [4;35;1mNews Columns (2.2ms)[0m   [0mSHOW FIELDS FROM `news`[0m
Expired fragment: views/News_latest_fragment (0.0ms)
  [4;36;1mConfiguration Load (0.5ms)[0m   [0;1mSELECT * FROM `configurations` WHERE (`configurations`.`config_key` = 'StudentAttendanceType') LIMIT 1[0m
  [4;35;1mConfiguration Load (0.4ms)[0m   [0mSELECT * FROM `configurations` WHERE (`configurations`.`config_key` = 'AvailableModules') [0m
Redirected to http://localhost:3000/user/dashboard
Filter chain halted as [:check_if_loggedin] rendered_or_redirected.
Completed in 285ms (DB: 9) | 302 Found [http://localhost/]
  [4;36;1mSQL (0.1ms)[0m   [0;1mSET SQL_AUTO_IS_NULL=0[0m


Processing UserController#dashboard (for 127.0.0.1 at 2015-08-29 03:54:41) [GET]
  Parameters: {"action"=>"dashboard", "controller"=>"user"}
  [4;35;1mUser Columns (0.8ms)[0m   [0mSHOW FIELDS FROM `users`[0m
  [4;36;1mUser Load (0.5ms)[0m   [0;1mSELECT * FROM `users` WHERE (`users`.`id` = 1) AND (`users`.`is_deleted` = 0) [0m
  [4;35;1mCACHE (0.0ms)[0m   [0mSELECT * FROM `users` WHERE (`users`.`id` = 1) AND (`users`.`is_deleted` = 0) [0m
  [4;36;1mConfiguration Columns (2.1ms)[0m   [0;1mSHOW FIELDS FROM `configurations`[0m
  [4;35;1mConfiguration Load (0.5ms)[0m   [0mSELECT * FROM `configurations` WHERE (`configurations`.`config_key` = 'Locale') LIMIT 1[0m
  [4;36;1mNews Columns (2.1ms)[0m   [0;1mSHOW FIELDS FROM `news`[0m
Expired fragment: views/News_latest_fragment (0.0ms)
  [4;35;1mConfiguration Load (0.5ms)[0m   [0mSELECT * FROM `configurations` WHERE (`configurations`.`config_key` = 'StudentAttendanceType') LIMIT 1[0m
  [4;36;1mConfiguration Load (0.4ms)[0m   [0;1mSELECT * FROM `configurations` WHERE (`configurations`.`config_key` = 'AvailableModules') [0m
  [4;35;1mCACHE (0.0ms)[0m   [0mSELECT * FROM `users` WHERE (`users`.`id` = 1) AND (`users`.`is_deleted` = 0) [0m
  [4;36;1mConfiguration Load (0.4ms)[0m   [0;1mSELECT * FROM `configurations` WHERE (`configurations`.`config_key` = 'FirstTimeLoginEnable') LIMIT 1[0m
  [4;35;1mCACHE (0.0ms)[0m   [0mSELECT * FROM `users` WHERE (`users`.`id` = 1) AND (`users`.`is_deleted` = 0) [0m
  [4;36;1mCACHE (0.0ms)[0m   [0;1mSELECT * FROM `configurations` WHERE (`configurations`.`config_key` = 'AvailableModules') [0m
  [4;35;1mEmployee Load (0.8ms)[0m   [0mSELECT * FROM `employees` WHERE (`employees`.user_id = 1) LIMIT 1[0m
  [4;36;1mCACHE (0.0ms)[0m   [0;1mSELECT * FROM `configurations` WHERE (`configurations`.`config_key` = 'FirstTimeLoginEnable') LIMIT 1[0m
Rendering template within layouts/dashboard
Rendering user/dashboard
Cached fragment hit: views/News_latest_fragment (0.0ms)
  [4;35;1mNews Load (12.5ms)[0m   [0mSELECT * FROM `news` ORDER BY created_at DESC LIMIT 3[0m
Rendered user/_news_bar (14.1ms)
Cached fragment miss: views/News_latest_fragment (0.1ms)
  [4;36;1mSchoolDetail Load (0.5ms)[0m   [0;1mSELECT * FROM `school_details` LIMIT 1[0m
  [4;35;1mSchoolDetail Columns (2.0ms)[0m   [0mSHOW FIELDS FROM `school_details`[0m
Cache miss: current_school_name1 ({})
  [4;36;1mConfiguration Load (0.6ms)[0m   [0;1mSELECT * FROM `configurations` WHERE (`configurations`.`config_key` = 'InstitutionName') LIMIT 1[0m
Cache write (will save 1.16ms): current_school_name1
  [4;35;1mReminder Load (0.6ms)[0m   [0mSELECT * FROM `reminders` WHERE (recipient = '1') [0m
Rendered layouts/_reminder_count (5.1ms)
Cache miss: user_main_menu1 ({})
  [4;36;1mCACHE (0.0ms)[0m   [0;1mSELECT * FROM `users` WHERE (`users`.`id` = 1) AND (`users`.`is_deleted` = 0) [0m
  [4;35;1mprivileges_users Columns (2.5ms)[0m   [0mSHOW FIELDS FROM `privileges_users`[0m
  [4;36;1mPrivilege Load (0.6ms)[0m   [0;1mSELECT * FROM `privileges` INNER JOIN `privileges_users` ON `privileges`.id = `privileges_users`.privilege_id WHERE (`privileges_users`.user_id = 1 ) [0m
  [4;35;1mCACHE (0.0ms)[0m   [0mSELECT * FROM `users` WHERE (`users`.`id` = 1) AND (`users`.`is_deleted` = 0) [0m
  [4;36;1mCACHE (0.0ms)[0m   [0;1mSELECT * FROM `privileges` INNER JOIN `privileges_users` ON `privileges`.id = `privileges_users`.privilege_id WHERE (`privileges_users`.user_id = 1 ) [0m
  [4;35;1mCACHE (0.0ms)[0m   [0mSELECT * FROM `users` WHERE (`users`.`id` = 1) AND (`users`.`is_deleted` = 0) [0m
  [4;36;1mCACHE (0.0ms)[0m   [0;1mSELECT * FROM `privileges` INNER JOIN `privileges_users` ON `privileges`.id = `privileges_users`.privilege_id WHERE (`privileges_users`.user_id = 1 ) [0m
  [4;35;1mCACHE (0.0ms)[0m   [0mSELECT * FROM `users` WHERE (`users`.`id` = 1) AND (`users`.`is_deleted` = 0) [0m
  [4;36;1mCACHE (0.0ms)[0m   [0;1mSELECT * FROM `privileges` INNER JOIN `privileges_users` ON `privileges`.id = `privileges_users`.privilege_id WHERE (`privileges_users`.user_id = 1 ) [0m
  [4;35;1mCACHE (0.0ms)[0m   [0mSELECT * FROM `users` WHERE (`users`.`id` = 1) AND (`users`.`is_deleted` = 0) [0m
  [4;36;1mCACHE (0.0ms)[0m   [0;1mSELECT * FROM `privileges` INNER JOIN `privileges_users` ON `privileges`.id = `privileges_users`.privilege_id WHERE (`privileges_users`.user_id = 1 ) [0m
  [4;35;1mCACHE (0.0ms)[0m   [0mSELECT * FROM `users` WHERE (`users`.`id` = 1) AND (`users`.`is_deleted` = 0) [0m
  [4;36;1mCACHE (0.0ms)[0m   [0;1mSELECT * FROM `privileges` INNER JOIN `privileges_users` ON `privileges`.id = `privileges_users`.privilege_id WHERE (`privileges_users`.user_id = 1 ) [0m
  [4;35;1mCACHE (0.0ms)[0m   [0mSELECT * FROM `users` WHERE (`users`.`id` = 1) AND (`users`.`is_deleted` = 0) [0m
  [4;36;1mCACHE (0.0ms)[0m   [0;1mSELECT * FROM `privileges` INNER JOIN `privileges_users` ON `privileges`.id = `privileges_users`.privilege_id WHERE (`privileges_users`.user_id = 1 ) [0m
  [4;35;1mCACHE (0.0ms)[0m   [0mSELECT * FROM `users` WHERE (`users`.`id` = 1) AND (`users`.`is_deleted` = 0) [0m
  [4;36;1mCACHE (0.0ms)[0m   [0;1mSELECT * FROM `privileges` INNER JOIN `privileges_users` ON `privileges`.id = `privileges_users`.privilege_id WHERE (`privileges_users`.user_id = 1 ) [0m
  [4;35;1mCACHE (0.0ms)[0m   [0mSELECT * FROM `users` WHERE (`users`.`id` = 1) AND (`users`.`is_deleted` = 0) [0m
  [4;36;1mCACHE (0.0ms)[0m   [0;1mSELECT * FROM `privileges` INNER JOIN `privileges_users` ON `privileges`.id = `privileges_users`.privilege_id WHERE (`privileges_users`.user_id = 1 ) [0m
  [4;35;1mCACHE (0.0ms)[0m   [0mSELECT * FROM `users` WHERE (`users`.`id` = 1) AND (`users`.`is_deleted` = 0) [0m
  [4;36;1mCACHE (0.0ms)[0m   [0;1mSELECT * FROM `privileges` INNER JOIN `privileges_users` ON `privileges`.id = `privileges_users`.privilege_id WHERE (`privileges_users`.user_id = 1 ) [0m
  [4;35;1mCACHE (0.0ms)[0m   [0mSELECT * FROM `users` WHERE (`users`.`id` = 1) AND (`users`.`is_deleted` = 0) [0m
  [4;36;1mCACHE (0.0ms)[0m   [0;1mSELECT * FROM `privileges` INNER JOIN `privileges_users` ON `privileges`.id = `privileges_users`.privilege_id WHERE (`privileges_users`.user_id = 1 ) [0m
  [4;35;1mCACHE (0.0ms)[0m   [0mSELECT * FROM `users` WHERE (`users`.`id` = 1) AND (`users`.`is_deleted` = 0) [0m
  [4;36;1mCACHE (0.0ms)[0m   [0;1mSELECT * FROM `privileges` INNER JOIN `privileges_users` ON `privileges`.id = `privileges_users`.privilege_id WHERE (`privileges_users`.user_id = 1 ) [0m
  [4;35;1mCACHE (0.0ms)[0m   [0mSELECT * FROM `users` WHERE (`users`.`id` = 1) AND (`users`.`is_deleted` = 0) [0m
  [4;36;1mCACHE (0.0ms)[0m   [0;1mSELECT * FROM `privileges` INNER JOIN `privileges_users` ON `privileges`.id = `privileges_users`.privilege_id WHERE (`privileges_users`.user_id = 1 ) [0m
  [4;35;1mCACHE (0.0ms)[0m   [0mSELECT * FROM `users` WHERE (`users`.`id` = 1) AND (`users`.`is_deleted` = 0) [0m
  [4;36;1mCACHE (0.0ms)[0m   [0;1mSELECT * FROM `privileges` INNER JOIN `privileges_users` ON `privileges`.id = `privileges_users`.privilege_id WHERE (`privileges_users`.user_id = 1 ) [0m
  [4;35;1mCACHE (0.0ms)[0m   [0mSELECT * FROM `users` WHERE (`users`.`id` = 1) AND (`users`.`is_deleted` = 0) [0m
  [4;36;1mCACHE (0.0ms)[0m   [0;1mSELECT * FROM `privileges` INNER JOIN `privileges_users` ON `privileges`.id = `privileges_users`.privilege_id WHERE (`privileges_users`.user_id = 1 ) [0m
  [4;35;1mCACHE (0.0ms)[0m   [0mSELECT * FROM `users` WHERE (`users`.`id` = 1) AND (`users`.`is_deleted` = 0) [0m
  [4;36;1mCACHE (0.0ms)[0m   [0;1mSELECT * FROM `privileges` INNER JOIN `privileges_users` ON `privileges`.id = `privileges_users`.privilege_id WHERE (`privileges_users`.user_id = 1 ) [0m
  [4;35;1mCACHE (0.0ms)[0m   [0mSELECT * FROM `users` WHERE (`users`.`id` = 1) AND (`users`.`is_deleted` = 0) [0m
  [4;36;1mCACHE (0.0ms)[0m   [0;1mSELECT * FROM `privileges` INNER JOIN `privileges_users` ON `privileges`.id = `privileges_users`.privilege_id WHERE (`privileges_users`.user_id = 1 ) [0m
  [4;35;1mCACHE (0.0ms)[0m   [0mSELECT * FROM `users` WHERE (`users`.`id` = 1) AND (`users`.`is_deleted` = 0) [0m
  [4;36;1mCACHE (0.0ms)[0m   [0;1mSELECT * FROM `privileges` INNER JOIN `privileges_users` ON `privileges`.id = `privileges_users`.privilege_id WHERE (`privileges_users`.user_id = 1 ) [0m
  [4;35;1mCACHE (0.0ms)[0m   [0mSELECT * FROM `users` WHERE (`users`.`id` = 1) AND (`users`.`is_deleted` = 0) [0m
  [4;36;1mCACHE (0.0ms)[0m   [0;1mSELECT * FROM `privileges` INNER JOIN `privileges_users` ON `privileges`.id = `privileges_users`.privilege_id WHERE (`privileges_users`.user_id = 1 ) [0m
  [4;35;1mCACHE (0.0ms)[0m   [0mSELECT * FROM `users` WHERE (`users`.`id` = 1) AND (`users`.`is_deleted` = 0) [0m
  [4;36;1mCACHE (0.0ms)[0m   [0;1mSELECT * FROM `privileges` INNER JOIN `privileges_users` ON `privileges`.id = `privileges_users`.privilege_id WHERE (`privileges_users`.user_id = 1 ) [0m
  [4;35;1mCACHE (0.0ms)[0m   [0mSELECT * FROM `users` WHERE (`users`.`id` = 1) AND (`users`.`is_deleted` = 0) [0m
  [4;36;1mCACHE (0.0ms)[0m   [0;1mSELECT * FROM `privileges` INNER JOIN `privileges_users` ON `privileges`.id = `privileges_users`.privilege_id WHERE (`privileges_users`.user_id = 1 ) [0m
  [4;35;1mConfiguration Load (0.3ms)[0m   [0mSELECT * FROM `configurations` WHERE (`configurations`.`config_key` = 'CCE') LIMIT 1[0m
  [4;36;1mCACHE (0.0ms)[0m   [0;1mSELECT * FROM `users` WHERE (`users`.`id` = 1) AND (`users`.`is_deleted` = 0) [0m
  [4;35;1mCACHE (0.0ms)[0m   [0mSELECT * FROM `privileges` INNER JOIN `privileges_users` ON `privileges`.id = `privileges_users`.privilege_id WHERE (`privileges_users`.user_id = 1 ) [0m
  [4;36;1mCACHE (0.0ms)[0m   [0;1mSELECT * FROM `users` WHERE (`users`.`id` = 1) AND (`users`.`is_deleted` = 0) [0m
  [4;35;1mCACHE (0.0ms)[0m   [0mSELECT * FROM `privileges` INNER JOIN `privileges_users` ON `privileges`.id = `privileges_users`.privilege_id WHERE (`privileges_users`.user_id = 1 ) [0m
  [4;36;1mCACHE (0.0ms)[0m   [0;1mSELECT * FROM `users` WHERE (`users`.`id` = 1) AND (`users`.`is_deleted` = 0) [0m
  [4;35;1mCACHE (0.0ms)[0m   [0mSELECT * FROM `privileges` INNER JOIN `privileges_users` ON `privileges`.id = `privileges_users`.privilege_id WHERE (`privileges_users`.user_id = 1 ) [0m
  [4;36;1mCACHE (0.0ms)[0m   [0;1mSELECT * FROM `users` WHERE (`users`.`id` = 1) AND (`users`.`is_deleted` = 0) [0m
  [4;35;1mCACHE (0.0ms)[0m   [0mSELECT * FROM `privileges` INNER JOIN `privileges_users` ON `privileges`.id = `privileges_users`.privilege_id WHERE (`privileges_users`.user_id = 1 ) [0m
  [4;36;1mCACHE (0.0ms)[0m   [0;1mSELECT * FROM `users` WHERE (`users`.`id` = 1) AND (`users`.`is_deleted` = 0) [0m
  [4;35;1mCACHE (0.0ms)[0m   [0mSELECT * FROM `privileges` INNER JOIN `privileges_users` ON `privileges`.id = `privileges_users`.privilege_id WHERE (`privileges_users`.user_id = 1 ) [0m
  [4;36;1mCACHE (0.0ms)[0m   [0;1mSELECT * FROM `users` WHERE (`users`.`id` = 1) AND (`users`.`is_deleted` = 0) [0m
  [4;35;1mCACHE (0.0ms)[0m   [0mSELECT * FROM `privileges` INNER JOIN `privileges_users` ON `privileges`.id = `privileges_users`.privilege_id WHERE (`privileges_users`.user_id = 1 ) [0m
  [4;36;1mCACHE (0.0ms)[0m   [0;1mSELECT * FROM `users` WHERE (`users`.`id` = 1) AND (`users`.`is_deleted` = 0) [0m
  [4;35;1mCACHE (0.0ms)[0m   [0mSELECT * FROM `privileges` INNER JOIN `privileges_users` ON `privileges`.id = `privileges_users`.privilege_id WHERE (`privileges_users`.user_id = 1 ) [0m
  [4;36;1mCACHE (0.0ms)[0m   [0;1mSELECT * FROM `users` WHERE (`users`.`id` = 1) AND (`users`.`is_deleted` = 0) [0m
  [4;35;1mCACHE (0.0ms)[0m   [0mSELECT * FROM `privileges` INNER JOIN `privileges_users` ON `privileges`.id = `privileges_users`.privilege_id WHERE (`privileges_users`.user_id = 1 ) [0m
  [4;36;1mCACHE (0.0ms)[0m   [0;1mSELECT * FROM `users` WHERE (`users`.`id` = 1) AND (`users`.`is_deleted` = 0) [0m
  [4;35;1mCACHE (0.0ms)[0m   [0mSELECT * FROM `privileges` INNER JOIN `privileges_users` ON `privileges`.id = `privileges_users`.privilege_id WHERE (`privileges_users`.user_id = 1 ) [0m
Rendered layouts/_main_menu (231.4ms)
Cache write (will save 234.43ms): user_main_menu1
Cache miss: user_autocomplete_menu1 ({})
  [4;36;1mCACHE (0.0ms)[0m   [0;1mSELECT * FROM `users` WHERE (`users`.`id` = 1) AND (`users`.`is_deleted` = 0) [0m
  [4;35;1mCACHE (0.0ms)[0m   [0mSELECT * FROM `privileges` INNER JOIN `privileges_users` ON `privileges`.id = `privileges_users`.privilege_id WHERE (`privileges_users`.user_id = 1 ) [0m
  [4;36;1mCACHE (0.0ms)[0m   [0;1mSELECT * FROM `users` WHERE (`users`.`id` = 1) AND (`users`.`is_deleted` = 0) [0m
  [4;35;1mCACHE (0.0ms)[0m   [0mSELECT * FROM `privileges` INNER JOIN `privileges_users` ON `privileges`.id = `privileges_users`.privilege_id WHERE (`privileges_users`.user_id = 1 ) [0m
  [4;36;1mCACHE (0.0ms)[0m   [0;1mSELECT * FROM `users` WHERE (`users`.`id` = 1) AND (`users`.`is_deleted` = 0) [0m
  [4;35;1mCACHE (0.0ms)[0m   [0mSELECT * FROM `privileges` INNER JOIN `privileges_users` ON `privileges`.id = `privileges_users`.privilege_id WHERE (`privileges_users`.user_id = 1 ) [0m
  [4;36;1mCACHE (0.0ms)[0m   [0;1mSELECT * FROM `users` WHERE (`users`.`id` = 1) AND (`users`.`is_deleted` = 0) [0m
  [4;35;1mCACHE (0.0ms)[0m   [0mSELECT * FROM `privileges` INNER JOIN `privileges_users` ON `privileges`.id = `privileges_users`.privilege_id WHERE (`privileges_users`.user_id = 1 ) [0m
  [4;36;1mCACHE (0.0ms)[0m   [0;1mSELECT * FROM `users` WHERE (`users`.`id` = 1) AND (`users`.`is_deleted` = 0) [0m
  [4;35;1mCACHE (0.0ms)[0m   [0mSELECT * FROM `privileges` INNER JOIN `privileges_users` ON `privileges`.id = `privileges_users`.privilege_id WHERE (`privileges_users`.user_id = 1 ) [0m
  [4;36;1mCACHE (0.0ms)[0m   [0;1mSELECT * FROM `users` WHERE (`users`.`id` = 1) AND (`users`.`is_deleted` = 0) [0m
  [4;35;1mCACHE (0.0ms)[0m   [0mSELECT * FROM `privileges` INNER JOIN `privileges_users` ON `privileges`.id = `privileges_users`.privilege_id WHERE (`privileges_users`.user_id = 1 ) [0m
  [4;36;1mCACHE (0.0ms)[0m   [0;1mSELECT * FROM `users` WHERE (`users`.`id` = 1) AND (`users`.`is_deleted` = 0) [0m
  [4;35;1mCACHE (0.0ms)[0m   [0mSELECT * FROM `privileges` INNER JOIN `privileges_users` ON `privileges`.id = `privileges_users`.privilege_id WHERE (`privileges_users`.user_id = 1 ) [0m
  [4;36;1mCACHE (0.0ms)[0m   [0;1mSELECT * FROM `users` WHERE (`users`.`id` = 1) AND (`users`.`is_deleted` = 0) [0m
  [4;35;1mCACHE (0.0ms)[0m   [0mSELECT * FROM `privileges` INNER JOIN `privileges_users` ON `privileges`.id = `privileges_users`.privilege_id WHERE (`privileges_users`.user_id = 1 ) [0m
  [4;36;1mCACHE (0.0ms)[0m   [0;1mSELECT * FROM `users` WHERE (`users`.`id` = 1) AND (`users`.`is_deleted` = 0) [0m
  [4;35;1mCACHE (0.0ms)[0m   [0mSELECT * FROM `privileges` INNER JOIN `privileges_users` ON `privileges`.id = `privileges_users`.privilege_id WHERE (`privileges_users`.user_id = 1 ) [0m
  [4;36;1mCACHE (0.0ms)[0m   [0;1mSELECT * FROM `users` WHERE (`users`.`id` = 1) AND (`users`.`is_deleted` = 0) [0m
  [4;35;1mCACHE (0.0ms)[0m   [0mSELECT * FROM `privileges` INNER JOIN `privileges_users` ON `privileges`.id = `privileges_users`.privilege_id WHERE (`privileges_users`.user_id = 1 ) [0m
  [4;36;1mCACHE (0.0ms)[0m   [0;1mSELECT * FROM `users` WHERE (`users`.`id` = 1) AND (`users`.`is_deleted` = 0) [0m
  [4;35;1mCACHE (0.0ms)[0m   [0mSELECT * FROM `privileges` INNER JOIN `privileges_users` ON `privileges`.id = `privileges_users`.privilege_id WHERE (`privileges_users`.user_id = 1 ) [0m
  [4;36;1mCACHE (0.0ms)[0m   [0;1mSELECT * FROM `users` WHERE (`users`.`id` = 1) AND (`users`.`is_deleted` = 0) [0m
  [4;35;1mCACHE (0.0ms)[0m   [0mSELECT * FROM `privileges` INNER JOIN `privileges_users` ON `privileges`.id = `privileges_users`.privilege_id WHERE (`privileges_users`.user_id = 1 ) [0m
  [4;36;1mCACHE (0.0ms)[0m   [0;1mSELECT * FROM `users` WHERE (`users`.`id` = 1) AND (`users`.`is_deleted` = 0) [0m
  [4;35;1mCACHE (0.0ms)[0m   [0mSELECT * FROM `privileges` INNER JOIN `privileges_users` ON `privileges`.id = `privileges_users`.privilege_id WHERE (`privileges_users`.user_id = 1 ) [0m
  [4;36;1mCACHE (0.0ms)[0m   [0;1mSELECT * FROM `users` WHERE (`users`.`id` = 1) AND (`users`.`is_deleted` = 0) [0m
  [4;35;1mCACHE (0.0ms)[0m   [0mSELECT * FROM `privileges` INNER JOIN `privileges_users` ON `privileges`.id = `privileges_users`.privilege_id WHERE (`privileges_users`.user_id = 1 ) [0m
  [4;36;1mCACHE (0.0ms)[0m   [0;1mSELECT * FROM `users` WHERE (`users`.`id` = 1) AND (`users`.`is_deleted` = 0) [0m
  [4;35;1mCACHE (0.0ms)[0m   [0mSELECT * FROM `privileges` INNER JOIN `privileges_users` ON `privileges`.id = `privileges_users`.privilege_id WHERE (`privileges_users`.user_id = 1 ) [0m
  [4;36;1mCACHE (0.0ms)[0m   [0;1mSELECT * FROM `users` WHERE (`users`.`id` = 1) AND (`users`.`is_deleted` = 0) [0m
  [4;35;1mCACHE (0.0ms)[0m   [0mSELECT * FROM `privileges` INNER JOIN `privileges_users` ON `privileges`.id = `privileges_users`.privilege_id WHERE (`privileges_users`.user_id = 1 ) [0m
  [4;36;1mCACHE (0.0ms)[0m   [0;1mSELECT * FROM `users` WHERE (`users`.`id` = 1) AND (`users`.`is_deleted` = 0) [0m
  [4;35;1mCACHE (0.0ms)[0m   [0mSELECT * FROM `privileges` INNER JOIN `privileges_users` ON `privileges`.id = `privileges_users`.privilege_id WHERE (`privileges_users`.user_id = 1 ) [0m
  [4;36;1mCACHE (0.0ms)[0m   [0;1mSELECT * FROM `users` WHERE (`users`.`id` = 1) AND (`users`.`is_deleted` = 0) [0m
  [4;35;1mCACHE (0.0ms)[0m   [0mSELECT * FROM `privileges` INNER JOIN `privileges_users` ON `privileges`.id = `privileges_users`.privilege_id WHERE (`privileges_users`.user_id = 1 ) [0m
  [4;36;1mCACHE (0.0ms)[0m   [0;1mSELECT * FROM `users` WHERE (`users`.`id` = 1) AND (`users`.`is_deleted` = 0) [0m
  [4;35;1mCACHE (0.0ms)[0m   [0mSELECT * FROM `privileges` INNER JOIN `privileges_users` ON `privileges`.id = `privileges_users`.privilege_id WHERE (`privileges_users`.user_id = 1 ) [0m
  [4;36;1mCACHE (0.0ms)[0m   [0;1mSELECT * FROM `users` WHERE (`users`.`id` = 1) AND (`users`.`is_deleted` = 0) [0m
  [4;35;1mCACHE (0.0ms)[0m   [0mSELECT * FROM `privileges` INNER JOIN `privileges_users` ON `privileges`.id = `privileges_users`.privilege_id WHERE (`privileges_users`.user_id = 1 ) [0m
  [4;36;1mCACHE (0.0ms)[0m   [0;1mSELECT * FROM `users` WHERE (`users`.`id` = 1) AND (`users`.`is_deleted` = 0) [0m
  [4;35;1mCACHE (0.0ms)[0m   [0mSELECT * FROM `privileges` INNER JOIN `privileges_users` ON `privileges`.id = `privileges_users`.privilege_id WHERE (`privileges_users`.user_id = 1 ) [0m
  [4;36;1mCACHE (0.0ms)[0m   [0;1mSELECT * FROM `users` WHERE (`users`.`id` = 1) AND (`users`.`is_deleted` = 0) [0m
  [4;35;1mCACHE (0.0ms)[0m   [0mSELECT * FROM `privileges` INNER JOIN `privileges_users` ON `privileges`.id = `privileges_users`.privilege_id WHERE (`privileges_users`.user_id = 1 ) [0m
  [4;36;1mCACHE (0.0ms)[0m   [0;1mSELECT * FROM `users` WHERE (`users`.`id` = 1) AND (`users`.`is_deleted` = 0) [0m
  [4;35;1mCACHE (0.0ms)[0m   [0mSELECT * FROM `privileges` INNER JOIN `privileges_users` ON `privileges`.id = `privileges_users`.privilege_id WHERE (`privileges_users`.user_id = 1 ) [0m
  [4;36;1mCACHE (0.0ms)[0m   [0;1mSELECT * FROM `users` WHERE (`users`.`id` = 1) AND (`users`.`is_deleted` = 0) [0m
  [4;35;1mCACHE (0.0ms)[0m   [0mSELECT * FROM `privileges` INNER JOIN `privileges_users` ON `privileges`.id = `privileges_users`.privilege_id WHERE (`privileges_users`.user_id = 1 ) [0m
  [4;36;1mCACHE (0.0ms)[0m   [0;1mSELECT * FROM `users` WHERE (`users`.`id` = 1) AND (`users`.`is_deleted` = 0) [0m
  [4;35;1mCACHE (0.0ms)[0m   [0mSELECT * FROM `privileges` INNER JOIN `privileges_users` ON `privileges`.id = `privileges_users`.privilege_id WHERE (`privileges_users`.user_id = 1 ) [0m
  [4;36;1mCACHE (0.0ms)[0m   [0;1mSELECT * FROM `users` WHERE (`users`.`id` = 1) AND (`users`.`is_deleted` = 0) [0m
  [4;35;1mCACHE (0.0ms)[0m   [0mSELECT * FROM `privileges` INNER JOIN `privileges_users` ON `privileges`.id = `privileges_users`.privilege_id WHERE (`privileges_users`.user_id = 1 ) [0m
  [4;36;1mCACHE (0.0ms)[0m   [0;1mSELECT * FROM `users` WHERE (`users`.`id` = 1) AND (`users`.`is_deleted` = 0) [0m
  [4;35;1mCACHE (0.0ms)[0m   [0mSELECT * FROM `privileges` INNER JOIN `privileges_users` ON `privileges`.id = `privileges_users`.privilege_id WHERE (`privileges_users`.user_id = 1 ) [0m
  [4;36;1mCACHE (0.0ms)[0m   [0;1mSELECT * FROM `users` WHERE (`users`.`id` = 1) AND (`users`.`is_deleted` = 0) [0m
  [4;35;1mCACHE (0.0ms)[0m   [0mSELECT * FROM `privileges` INNER JOIN `privileges_users` ON `privileges`.id = `privileges_users`.privilege_id WHERE (`privileges_users`.user_id = 1 ) [0m
  [4;36;1mCACHE (0.0ms)[0m   [0;1mSELECT * FROM `users` WHERE (`users`.`id` = 1) AND (`users`.`is_deleted` = 0) [0m
  [4;35;1mCACHE (0.0ms)[0m   [0mSELECT * FROM `privileges` INNER JOIN `privileges_users` ON `privileges`.id = `privileges_users`.privilege_id WHERE (`privileges_users`.user_id = 1 ) [0m
  [4;36;1mCACHE (0.0ms)[0m   [0;1mSELECT * FROM `users` WHERE (`users`.`id` = 1) AND (`users`.`is_deleted` = 0) [0m
  [4;35;1mCACHE (0.0ms)[0m   [0mSELECT * FROM `privileges` INNER JOIN `privileges_users` ON `privileges`.id = `privileges_users`.privilege_id WHERE (`privileges_users`.user_id = 1 ) [0m
  [4;36;1mCACHE (0.0ms)[0m   [0;1mSELECT * FROM `users` WHERE (`users`.`id` = 1) AND (`users`.`is_deleted` = 0) [0m
  [4;35;1mCACHE (0.0ms)[0m   [0mSELECT * FROM `privileges` INNER JOIN `privileges_users` ON `privileges`.id = `privileges_users`.privilege_id WHERE (`privileges_users`.user_id = 1 ) [0m
  [4;36;1mCACHE (0.0ms)[0m   [0;1mSELECT * FROM `users` WHERE (`users`.`id` = 1) AND (`users`.`is_deleted` = 0) [0m
  [4;35;1mCACHE (0.0ms)[0m   [0mSELECT * FROM `privileges` INNER JOIN `privileges_users` ON `privileges`.id = `privileges_users`.privilege_id WHERE (`privileges_users`.user_id = 1 ) [0m
  [4;36;1mCACHE (0.0ms)[0m   [0;1mSELECT * FROM `users` WHERE (`users`.`id` = 1) AND (`users`.`is_deleted` = 0) [0m
  [4;35;1mCACHE (0.0ms)[0m   [0mSELECT * FROM `privileges` INNER JOIN `privileges_users` ON `privileges`.id = `privileges_users`.privilege_id WHERE (`privileges_users`.user_id = 1 ) [0m
  [4;36;1mCACHE (0.0ms)[0m   [0;1mSELECT * FROM `users` WHERE (`users`.`id` = 1) AND (`users`.`is_deleted` = 0) [0m
  [4;35;1mCACHE (0.0ms)[0m   [0mSELECT * FROM `privileges` INNER JOIN `privileges_users` ON `privileges`.id = `privileges_users`.privilege_id WHERE (`privileges_users`.user_id = 1 ) [0m
  [4;36;1mCACHE (0.0ms)[0m   [0;1mSELECT * FROM `users` WHERE (`users`.`id` = 1) AND (`users`.`is_deleted` = 0) [0m
  [4;35;1mCACHE (0.0ms)[0m   [0mSELECT * FROM `privileges` INNER JOIN `privileges_users` ON `privileges`.id = `privileges_users`.privilege_id WHERE (`privileges_users`.user_id = 1 ) [0m
  [4;36;1mCACHE (0.0ms)[0m   [0;1mSELECT * FROM `users` WHERE (`users`.`id` = 1) AND (`users`.`is_deleted` = 0) [0m
  [4;35;1mCACHE (0.0ms)[0m   [0mSELECT * FROM `privileges` INNER JOIN `privileges_users` ON `privileges`.id = `privileges_users`.privilege_id WHERE (`privileges_users`.user_id = 1 ) [0m
  [4;36;1mCACHE (0.0ms)[0m   [0;1mSELECT * FROM `users` WHERE (`users`.`id` = 1) AND (`users`.`is_deleted` = 0) [0m
  [4;35;1mCACHE (0.0ms)[0m   [0mSELECT * FROM `privileges` INNER JOIN `privileges_users` ON `privileges`.id = `privileges_users`.privilege_id WHERE (`privileges_users`.user_id = 1 ) [0m
  [4;36;1mCACHE (0.0ms)[0m   [0;1mSELECT * FROM `users` WHERE (`users`.`id` = 1) AND (`users`.`is_deleted` = 0) [0m
  [4;35;1mCACHE (0.0ms)[0m   [0mSELECT * FROM `privileges` INNER JOIN `privileges_users` ON `privileges`.id = `privileges_users`.privilege_id WHERE (`privileges_users`.user_id = 1 ) [0m
  [4;36;1mCACHE (0.0ms)[0m   [0;1mSELECT * FROM `users` WHERE (`users`.`id` = 1) AND (`users`.`is_deleted` = 0) [0m
  [4;35;1mCACHE (0.0ms)[0m   [0mSELECT * FROM `privileges` INNER JOIN `privileges_users` ON `privileges`.id = `privileges_users`.privilege_id WHERE (`privileges_users`.user_id = 1 ) [0m
  [4;36;1mCACHE (0.0ms)[0m   [0;1mSELECT * FROM `users` WHERE (`users`.`id` = 1) AND (`users`.`is_deleted` = 0) [0m
  [4;35;1mCACHE (0.0ms)[0m   [0mSELECT * FROM `privileges` INNER JOIN `privileges_users` ON `privileges`.id = `privileges_users`.privilege_id WHERE (`privileges_users`.user_id = 1 ) [0m
  [4;36;1mCACHE (0.0ms)[0m   [0;1mSELECT * FROM `users` WHERE (`users`.`id` = 1) AND (`users`.`is_deleted` = 0) [0m
  [4;35;1mCACHE (0.0ms)[0m   [0mSELECT * FROM `privileges` INNER JOIN `privileges_users` ON `privileges`.id = `privileges_users`.privilege_id WHERE (`privileges_users`.user_id = 1 ) [0m
  [4;36;1mCACHE (0.0ms)[0m   [0;1mSELECT * FROM `users` WHERE (`users`.`id` = 1) AND (`users`.`is_deleted` = 0) [0m
  [4;35;1mCACHE (0.0ms)[0m   [0mSELECT * FROM `privileges` INNER JOIN `privileges_users` ON `privileges`.id = `privileges_users`.privilege_id WHERE (`privileges_users`.user_id = 1 ) [0m
  [4;36;1mCACHE (0.0ms)[0m   [0;1mSELECT * FROM `users` WHERE (`users`.`id` = 1) AND (`users`.`is_deleted` = 0) [0m
  [4;35;1mCACHE (0.0ms)[0m   [0mSELECT * FROM `privileges` INNER JOIN `privileges_users` ON `privileges`.id = `privileges_users`.privilege_id WHERE (`privileges_users`.user_id = 1 ) [0m
  [4;36;1mCACHE (0.0ms)[0m   [0;1mSELECT * FROM `users` WHERE (`users`.`id` = 1) AND (`users`.`is_deleted` = 0) [0m
  [4;35;1mCACHE (0.0ms)[0m   [0mSELECT * FROM `privileges` INNER JOIN `privileges_users` ON `privileges`.id = `privileges_users`.privilege_id WHERE (`privileges_users`.user_id = 1 ) [0m
  [4;36;1mCACHE (0.0ms)[0m   [0;1mSELECT * FROM `users` WHERE (`users`.`id` = 1) AND (`users`.`is_deleted` = 0) [0m
  [4;35;1mCACHE (0.0ms)[0m   [0mSELECT * FROM `privileges` INNER JOIN `privileges_users` ON `privileges`.id = `privileges_users`.privilege_id WHERE (`privileges_users`.user_id = 1 ) [0m
  [4;36;1mCACHE (0.0ms)[0m   [0;1mSELECT * FROM `users` WHERE (`users`.`id` = 1) AND (`users`.`is_deleted` = 0) [0m
  [4;35;1mCACHE (0.0ms)[0m   [0mSELECT * FROM `privileges` INNER JOIN `privileges_users` ON `privileges`.id = `privileges_users`.privilege_id WHERE (`privileges_users`.user_id = 1 ) [0m
  [4;36;1mCACHE (0.0ms)[0m   [0;1mSELECT * FROM `users` WHERE (`users`.`id` = 1) AND (`users`.`is_deleted` = 0) [0m
  [4;35;1mCACHE (0.0ms)[0m   [0mSELECT * FROM `privileges` INNER JOIN `privileges_users` ON `privileges`.id = `privileges_users`.privilege_id WHERE (`privileges_users`.user_id = 1 ) [0m
  [4;36;1mCACHE (0.0ms)[0m   [0;1mSELECT * FROM `users` WHERE (`users`.`id` = 1) AND (`users`.`is_deleted` = 0) [0m
  [4;35;1mCACHE (0.0ms)[0m   [0mSELECT * FROM `privileges` INNER JOIN `privileges_users` ON `privileges`.id = `privileges_users`.privilege_id WHERE (`privileges_users`.user_id = 1 ) [0m
  [4;36;1mCACHE (0.0ms)[0m   [0;1mSELECT * FROM `users` WHERE (`users`.`id` = 1) AND (`users`.`is_deleted` = 0) [0m
  [4;35;1mCACHE (0.0ms)[0m   [0mSELECT * FROM `privileges` INNER JOIN `privileges_users` ON `privileges`.id = `privileges_users`.privilege_id WHERE (`privileges_users`.user_id = 1 ) [0m
  [4;36;1mCACHE (0.0ms)[0m   [0;1mSELECT * FROM `users` WHERE (`users`.`id` = 1) AND (`users`.`is_deleted` = 0) [0m
  [4;35;1mCACHE (0.0ms)[0m   [0mSELECT * FROM `privileges` INNER JOIN `privileges_users` ON `privileges`.id = `privileges_users`.privilege_id WHERE (`privileges_users`.user_id = 1 ) [0m
  [4;36;1mCACHE (0.0ms)[0m   [0;1mSELECT * FROM `users` WHERE (`users`.`id` = 1) AND (`users`.`is_deleted` = 0) [0m
  [4;35;1mCACHE (0.0ms)[0m   [0mSELECT * FROM `privileges` INNER JOIN `privileges_users` ON `privileges`.id = `privileges_users`.privilege_id WHERE (`privileges_users`.user_id = 1 ) [0m
  [4;36;1mCACHE (0.0ms)[0m   [0;1mSELECT * FROM `users` WHERE (`users`.`id` = 1) AND (`users`.`is_deleted` = 0) [0m
  [4;35;1mCACHE (0.0ms)[0m   [0mSELECT * FROM `privileges` INNER JOIN `privileges_users` ON `privileges`.id = `privileges_users`.privilege_id WHERE (`privileges_users`.user_id = 1 ) [0m
  [4;36;1mCACHE (0.0ms)[0m   [0;1mSELECT * FROM `users` WHERE (`users`.`id` = 1) AND (`users`.`is_deleted` = 0) [0m
  [4;35;1mCACHE (0.0ms)[0m   [0mSELECT * FROM `privileges` INNER JOIN `privileges_users` ON `privileges`.id = `privileges_users`.privilege_id WHERE (`privileges_users`.user_id = 1 ) [0m
  [4;36;1mCACHE (0.0ms)[0m   [0;1mSELECT * FROM `users` WHERE (`users`.`id` = 1) AND (`users`.`is_deleted` = 0) [0m
  [4;35;1mCACHE (0.0ms)[0m   [0mSELECT * FROM `privileges` INNER JOIN `privileges_users` ON `privileges`.id = `privileges_users`.privilege_id WHERE (`privileges_users`.user_id = 1 ) [0m
  [4;36;1mCACHE (0.0ms)[0m   [0;1mSELECT * FROM `users` WHERE (`users`.`id` = 1) AND (`users`.`is_deleted` = 0) [0m
  [4;35;1mCACHE (0.0ms)[0m   [0mSELECT * FROM `privileges` INNER JOIN `privileges_users` ON `privileges`.id = `privileges_users`.privilege_id WHERE (`privileges_users`.user_id = 1 ) [0m
  [4;36;1mCACHE (0.0ms)[0m   [0;1mSELECT * FROM `users` WHERE (`users`.`id` = 1) AND (`users`.`is_deleted` = 0) [0m
  [4;35;1mCACHE (0.0ms)[0m   [0mSELECT * FROM `privileges` INNER JOIN `privileges_users` ON `privileges`.id = `privileges_users`.privilege_id WHERE (`privileges_users`.user_id = 1 ) [0m
  [4;36;1mCACHE (0.0ms)[0m   [0;1mSELECT * FROM `users` WHERE (`users`.`id` = 1) AND (`users`.`is_deleted` = 0) [0m
  [4;35;1mCACHE (0.0ms)[0m   [0mSELECT * FROM `privileges` INNER JOIN `privileges_users` ON `privileges`.id = `privileges_users`.privilege_id WHERE (`privileges_users`.user_id = 1 ) [0m
  [4;36;1mCACHE (0.0ms)[0m   [0;1mSELECT * FROM `users` WHERE (`users`.`id` = 1) AND (`users`.`is_deleted` = 0) [0m
  [4;35;1mCACHE (0.0ms)[0m   [0mSELECT * FROM `privileges` INNER JOIN `privileges_users` ON `privileges`.id = `privileges_users`.privilege_id WHERE (`privileges_users`.user_id = 1 ) [0m
  [4;36;1mCACHE (0.0ms)[0m   [0;1mSELECT * FROM `users` WHERE (`users`.`id` = 1) AND (`users`.`is_deleted` = 0) [0m
  [4;35;1mCACHE (0.0ms)[0m   [0mSELECT * FROM `privileges` INNER JOIN `privileges_users` ON `privileges`.id = `privileges_users`.privilege_id WHERE (`privileges_users`.user_id = 1 ) [0m
  [4;36;1mCACHE (0.0ms)[0m   [0;1mSELECT * FROM `users` WHERE (`users`.`id` = 1) AND (`users`.`is_deleted` = 0) [0m
  [4;35;1mCACHE (0.0ms)[0m   [0mSELECT * FROM `privileges` INNER JOIN `privileges_users` ON `privileges`.id = `privileges_users`.privilege_id WHERE (`privileges_users`.user_id = 1 ) [0m
  [4;36;1mCACHE (0.0ms)[0m   [0;1mSELECT * FROM `users` WHERE (`users`.`id` = 1) AND (`users`.`is_deleted` = 0) [0m
  [4;35;1mCACHE (0.0ms)[0m   [0mSELECT * FROM `privileges` INNER JOIN `privileges_users` ON `privileges`.id = `privileges_users`.privilege_id WHERE (`privileges_users`.user_id = 1 ) [0m
  [4;36;1mCACHE (0.0ms)[0m   [0;1mSELECT * FROM `users` WHERE (`users`.`id` = 1) AND (`users`.`is_deleted` = 0) [0m
  [4;35;1mCACHE (0.0ms)[0m   [0mSELECT * FROM `privileges` INNER JOIN `privileges_users` ON `privileges`.id = `privileges_users`.privilege_id WHERE (`privileges_users`.user_id = 1 ) [0m
  [4;36;1mCACHE (0.0ms)[0m   [0;1mSELECT * FROM `users` WHERE (`users`.`id` = 1) AND (`users`.`is_deleted` = 0) [0m
  [4;35;1mCACHE (0.0ms)[0m   [0mSELECT * FROM `privileges` INNER JOIN `privileges_users` ON `privileges`.id = `privileges_users`.privilege_id WHERE (`privileges_users`.user_id = 1 ) [0m
  [4;36;1mCACHE (0.0ms)[0m   [0;1mSELECT * FROM `users` WHERE (`users`.`id` = 1) AND (`users`.`is_deleted` = 0) [0m
  [4;35;1mCACHE (0.0ms)[0m   [0mSELECT * FROM `privileges` INNER JOIN `privileges_users` ON `privileges`.id = `privileges_users`.privilege_id WHERE (`privileges_users`.user_id = 1 ) [0m
  [4;36;1mCACHE (0.0ms)[0m   [0;1mSELECT * FROM `users` WHERE (`users`.`id` = 1) AND (`users`.`is_deleted` = 0) [0m
  [4;35;1mCACHE (0.0ms)[0m   [0mSELECT * FROM `privileges` INNER JOIN `privileges_users` ON `privileges`.id = `privileges_users`.privilege_id WHERE (`privileges_users`.user_id = 1 ) [0m
  [4;36;1mCACHE (0.0ms)[0m   [0;1mSELECT * FROM `users` WHERE (`users`.`id` = 1) AND (`users`.`is_deleted` = 0) [0m
  [4;35;1mCACHE (0.0ms)[0m   [0mSELECT * FROM `privileges` INNER JOIN `privileges_users` ON `privileges`.id = `privileges_users`.privilege_id WHERE (`privileges_users`.user_id = 1 ) [0m
  [4;36;1mCACHE (0.0ms)[0m   [0;1mSELECT * FROM `users` WHERE (`users`.`id` = 1) AND (`users`.`is_deleted` = 0) [0m
  [4;35;1mCACHE (0.0ms)[0m   [0mSELECT * FROM `privileges` INNER JOIN `privileges_users` ON `privileges`.id = `privileges_users`.privilege_id WHERE (`privileges_users`.user_id = 1 ) [0m
  [4;36;1mCACHE (0.0ms)[0m   [0;1mSELECT * FROM `users` WHERE (`users`.`id` = 1) AND (`users`.`is_deleted` = 0) [0m
  [4;35;1mCACHE (0.0ms)[0m   [0mSELECT * FROM `privileges` INNER JOIN `privileges_users` ON `privileges`.id = `privileges_users`.privilege_id WHERE (`privileges_users`.user_id = 1 ) [0m
  [4;36;1mCACHE (0.0ms)[0m   [0;1mSELECT * FROM `users` WHERE (`users`.`id` = 1) AND (`users`.`is_deleted` = 0) [0m
  [4;35;1mCACHE (0.0ms)[0m   [0mSELECT * FROM `privileges` INNER JOIN `privileges_users` ON `privileges`.id = `privileges_users`.privilege_id WHERE (`privileges_users`.user_id = 1 ) [0m
  [4;36;1mCACHE (0.0ms)[0m   [0;1mSELECT * FROM `users` WHERE (`users`.`id` = 1) AND (`users`.`is_deleted` = 0) [0m
  [4;35;1mCACHE (0.0ms)[0m   [0mSELECT * FROM `privileges` INNER JOIN `privileges_users` ON `privileges`.id = `privileges_users`.privilege_id WHERE (`privileges_users`.user_id = 1 ) [0m
  [4;36;1mCACHE (0.0ms)[0m   [0;1mSELECT * FROM `users` WHERE (`users`.`id` = 1) AND (`users`.`is_deleted` = 0) [0m
  [4;35;1mCACHE (0.0ms)[0m   [0mSELECT * FROM `privileges` INNER JOIN `privileges_users` ON `privileges`.id = `privileges_users`.privilege_id WHERE (`privileges_users`.user_id = 1 ) [0m
  [4;36;1mCACHE (0.0ms)[0m   [0;1mSELECT * FROM `users` WHERE (`users`.`id` = 1) AND (`users`.`is_deleted` = 0) [0m
  [4;35;1mCACHE (0.0ms)[0m   [0mSELECT * FROM `privileges` INNER JOIN `privileges_users` ON `privileges`.id = `privileges_users`.privilege_id WHERE (`privileges_users`.user_id = 1 ) [0m
  [4;36;1mCACHE (0.0ms)[0m   [0;1mSELECT * FROM `users` WHERE (`users`.`id` = 1) AND (`users`.`is_deleted` = 0) [0m
  [4;35;1mCACHE (0.0ms)[0m   [0mSELECT * FROM `privileges` INNER JOIN `privileges_users` ON `privileges`.id = `privileges_users`.privilege_id WHERE (`privileges_users`.user_id = 1 ) [0m
  [4;36;1mCACHE (0.0ms)[0m   [0;1mSELECT * FROM `users` WHERE (`users`.`id` = 1) AND (`users`.`is_deleted` = 0) [0m
  [4;35;1mCACHE (0.0ms)[0m   [0mSELECT * FROM `privileges` INNER JOIN `privileges_users` ON `privileges`.id = `privileges_users`.privilege_id WHERE (`privileges_users`.user_id = 1 ) [0m
  [4;36;1mCACHE (0.0ms)[0m   [0;1mSELECT * FROM `users` WHERE (`users`.`id` = 1) AND (`users`.`is_deleted` = 0) [0m
  [4;35;1mCACHE (0.0ms)[0m   [0mSELECT * FROM `privileges` INNER JOIN `privileges_users` ON `privileges`.id = `privileges_users`.privilege_id WHERE (`privileges_users`.user_id = 1 ) [0m
  [4;36;1mCACHE (0.0ms)[0m   [0;1mSELECT * FROM `users` WHERE (`users`.`id` = 1) AND (`users`.`is_deleted` = 0) [0m
  [4;35;1mCACHE (0.0ms)[0m   [0mSELECT * FROM `privileges` INNER JOIN `privileges_users` ON `privileges`.id = `privileges_users`.privilege_id WHERE (`privileges_users`.user_id = 1 ) [0m
Cache write (will save 179.92ms): user_autocomplete_menu1
Rendered layouts/_autosuggest_menu (182.8ms)
Completed in 866ms (View: 544, DB: 28) | 200 OK [http://localhost/user/dashboard]
  [4;36;1mSQL (0.2ms)[0m   [0;1mSET SQL_AUTO_IS_NULL=0[0m


Processing ConfigurationController#index (for 127.0.0.1 at 2015-08-29 03:54:46) [GET]
  Parameters: {"action"=>"index", "controller"=>"configuration"}
  [4;35;1mUser Columns (2.8ms)[0m   [0mSHOW FIELDS FROM `users`[0m
  [4;36;1mUser Load (38.2ms)[0m   [0;1mSELECT * FROM `users` WHERE (`users`.`id` = 1) AND (`users`.`is_deleted` = 0) [0m
  [4;35;1mCACHE (0.0ms)[0m   [0mSELECT * FROM `users` WHERE (`users`.`id` = 1) AND (`users`.`is_deleted` = 0) [0m
  [4;36;1mConfiguration Columns (0.8ms)[0m   [0;1mSHOW FIELDS FROM `configurations`[0m
  [4;35;1mConfiguration Load (0.2ms)[0m   [0mSELECT * FROM `configurations` WHERE (`configurations`.`config_key` = 'Locale') LIMIT 1[0m
  [4;36;1mNews Columns (0.7ms)[0m   [0;1mSHOW FIELDS FROM `news`[0m
Expired fragment: views/News_latest_fragment (0.0ms)
  [4;35;1mConfiguration Load (0.3ms)[0m   [0mSELECT * FROM `configurations` WHERE (`configurations`.`config_key` = 'StudentAttendanceType') LIMIT 1[0m
  [4;36;1mConfiguration Load (0.2ms)[0m   [0;1mSELECT * FROM `configurations` WHERE (`configurations`.`config_key` = 'AvailableModules') [0m
  [4;35;1mCACHE (0.0ms)[0m   [0mSELECT * FROM `users` WHERE (`users`.`id` = 1) AND (`users`.`is_deleted` = 0) [0m
  [4;36;1mConfiguration Load (0.2ms)[0m   [0;1mSELECT * FROM `configurations` WHERE (`configurations`.`config_key` = 'FirstTimeLoginEnable') LIMIT 1[0m
  [4;35;1mCACHE (0.0ms)[0m   [0mSELECT * FROM `users` WHERE (`users`.`id` = 1) AND (`users`.`is_deleted` = 0) [0m
  [4;36;1mprivileges_users Columns (0.7ms)[0m   [0;1mSHOW FIELDS FROM `privileges_users`[0m
  [4;35;1mPrivilege Load (0.2ms)[0m   [0mSELECT * FROM `privileges` INNER JOIN `privileges_users` ON `privileges`.id = `privileges_users`.privilege_id WHERE (`privileges_users`.user_id = 1 ) [0m
Rendering template within layouts/application
Rendering configuration/index
  [4;36;1mCACHE (0.0ms)[0m   [0;1mSELECT * FROM `users` WHERE (`users`.`id` = 1) AND (`users`.`is_deleted` = 0) [0m
  [4;35;1mCACHE (0.0ms)[0m   [0mSELECT * FROM `privileges` INNER JOIN `privileges_users` ON `privileges`.id = `privileges_users`.privilege_id WHERE (`privileges_users`.user_id = 1 ) [0m
  [4;36;1mCACHE (0.0ms)[0m   [0;1mSELECT * FROM `users` WHERE (`users`.`id` = 1) AND (`users`.`is_deleted` = 0) [0m
  [4;35;1mCACHE (0.0ms)[0m   [0mSELECT * FROM `privileges` INNER JOIN `privileges_users` ON `privileges`.id = `privileges_users`.privilege_id WHERE (`privileges_users`.user_id = 1 ) [0m
  [4;36;1mCACHE (0.0ms)[0m   [0;1mSELECT * FROM `users` WHERE (`users`.`id` = 1) AND (`users`.`is_deleted` = 0) [0m
  [4;35;1mCACHE (0.0ms)[0m   [0mSELECT * FROM `privileges` INNER JOIN `privileges_users` ON `privileges`.id = `privileges_users`.privilege_id WHERE (`privileges_users`.user_id = 1 ) [0m
  [4;36;1mCACHE (0.0ms)[0m   [0;1mSELECT * FROM `users` WHERE (`users`.`id` = 1) AND (`users`.`is_deleted` = 0) [0m
  [4;35;1mCACHE (0.0ms)[0m   [0mSELECT * FROM `privileges` INNER JOIN `privileges_users` ON `privileges`.id = `privileges_users`.privilege_id WHERE (`privileges_users`.user_id = 1 ) [0m
  [4;36;1mCACHE (0.0ms)[0m   [0;1mSELECT * FROM `users` WHERE (`users`.`id` = 1) AND (`users`.`is_deleted` = 0) [0m
  [4;35;1mCACHE (0.0ms)[0m   [0mSELECT * FROM `privileges` INNER JOIN `privileges_users` ON `privileges`.id = `privileges_users`.privilege_id WHERE (`privileges_users`.user_id = 1 ) [0m
  [4;36;1mCACHE (0.0ms)[0m   [0;1mSELECT * FROM `users` WHERE (`users`.`id` = 1) AND (`users`.`is_deleted` = 0) [0m
  [4;35;1mCACHE (0.0ms)[0m   [0mSELECT * FROM `privileges` INNER JOIN `privileges_users` ON `privileges`.id = `privileges_users`.privilege_id WHERE (`privileges_users`.user_id = 1 ) [0m
  [4;36;1mSchoolDetail Load (0.5ms)[0m   [0;1mSELECT * FROM `school_details` LIMIT 1[0m
  [4;35;1mSchoolDetail Columns (2.2ms)[0m   [0mSHOW FIELDS FROM `school_details`[0m
Cache hit: current_school_name1 ({})
  [4;36;1mReminder Load (0.5ms)[0m   [0;1mSELECT * FROM `reminders` WHERE (recipient = '1') [0m
Rendered layouts/_reminder_count (4.2ms)
Cache hit: user_main_menu1 ({})
Cache hit: user_autocomplete_menu1 ({})
Rendered layouts/_autosuggest_menu (2.4ms)
Completed in 414ms (View: 114, DB: 48) | 200 OK [http://localhost/configuration]
  [4;35;1mSQL (0.1ms)[0m   [0mSET SQL_AUTO_IS_NULL=0[0m


Processing ConfigurationController#settings (for 127.0.0.1 at 2015-08-29 03:54:50) [GET]
  Parameters: {"action"=>"settings", "controller"=>"configuration"}
  [4;36;1mUser Columns (2.5ms)[0m   [0;1mSHOW FIELDS FROM `users`[0m
  [4;35;1mUser Load (0.4ms)[0m   [0mSELECT * FROM `users` WHERE (`users`.`id` = 1) AND (`users`.`is_deleted` = 0) [0m
  [4;36;1mCACHE (0.0ms)[0m   [0;1mSELECT * FROM `users` WHERE (`users`.`id` = 1) AND (`users`.`is_deleted` = 0) [0m
  [4;35;1mConfiguration Columns (2.2ms)[0m   [0mSHOW FIELDS FROM `configurations`[0m
  [4;36;1mConfiguration Load (0.5ms)[0m   [0;1mSELECT * FROM `configurations` WHERE (`configurations`.`config_key` = 'Locale') LIMIT 1[0m
  [4;35;1mNews Columns (2.2ms)[0m   [0mSHOW FIELDS FROM `news`[0m
Expired fragment: views/News_latest_fragment (0.0ms)
  [4;36;1mConfiguration Load (0.6ms)[0m   [0;1mSELECT * FROM `configurations` WHERE (`configurations`.`config_key` = 'StudentAttendanceType') LIMIT 1[0m
  [4;35;1mConfiguration Load (0.4ms)[0m   [0mSELECT * FROM `configurations` WHERE (`configurations`.`config_key` = 'AvailableModules') [0m
  [4;36;1mCACHE (0.0ms)[0m   [0;1mSELECT * FROM `users` WHERE (`users`.`id` = 1) AND (`users`.`is_deleted` = 0) [0m
  [4;35;1mConfiguration Load (0.4ms)[0m   [0mSELECT * FROM `configurations` WHERE (`configurations`.`config_key` = 'FirstTimeLoginEnable') LIMIT 1[0m
  [4;36;1mCACHE (0.0ms)[0m   [0;1mSELECT * FROM `users` WHERE (`users`.`id` = 1) AND (`users`.`is_deleted` = 0) [0m
  [4;35;1mprivileges_users Columns (2.3ms)[0m   [0mSHOW FIELDS FROM `privileges_users`[0m
  [4;36;1mPrivilege Load (0.7ms)[0m   [0;1mSELECT * FROM `privileges` INNER JOIN `privileges_users` ON `privileges`.id = `privileges_users`.privilege_id WHERE (`privileges_users`.user_id = 1 ) [0m
  [4;35;1mConfiguration Load (0.6ms)[0m   [0mSELECT * FROM `configurations` WHERE (`configurations`.`config_key` = 'InstitutionName') LIMIT 1[0m
  [4;36;1mConfiguration Load (0.5ms)[0m   [0;1mSELECT * FROM `configurations` WHERE (`configurations`.`config_key` = 'InstitutionAddress') LIMIT 1[0m
  [4;35;1mConfiguration Load (0.4ms)[0m   [0mSELECT * FROM `configurations` WHERE (`configurations`.`config_key` = 'InstitutionPhoneNo') LIMIT 1[0m
  [4;36;1mCACHE (0.0ms)[0m   [0;1mSELECT * FROM `configurations` WHERE (`configurations`.`config_key` = 'StudentAttendanceType') LIMIT 1[0m
  [4;35;1mConfiguration Load (0.4ms)[0m   [0mSELECT * FROM `configurations` WHERE (`configurations`.`config_key` = 'CurrencyType') LIMIT 1[0m
  [4;36;1mConfiguration Load (0.4ms)[0m   [0;1mSELECT * FROM `configurations` WHERE (`configurations`.`config_key` = 'ExamResultType') LIMIT 1[0m
  [4;35;1mConfiguration Load (0.3ms)[0m   [0mSELECT * FROM `configurations` WHERE (`configurations`.`config_key` = 'AdmissionNumberAutoIncrement') LIMIT 1[0m
  [4;36;1mConfiguration Load (0.4ms)[0m   [0;1mSELECT * FROM `configurations` WHERE (`configurations`.`config_key` = 'EmployeeNumberAutoIncrement') LIMIT 1[0m
  [4;35;1mConfiguration Load (0.3ms)[0m   [0mSELECT * FROM `configurations` WHERE (`configurations`.`config_key` = 'NetworkState') LIMIT 1[0m
  [4;36;1mCACHE (0.0ms)[0m   [0;1mSELECT * FROM `configurations` WHERE (`configurations`.`config_key` = 'Locale') LIMIT 1[0m
  [4;35;1mConfiguration Load (0.3ms)[0m   [0mSELECT * FROM `configurations` WHERE (`configurations`.`config_key` = 'FinancialYearStartDate') LIMIT 1[0m
  [4;36;1mConfiguration Load (0.4ms)[0m   [0;1mSELECT * FROM `configurations` WHERE (`configurations`.`config_key` = 'FinancialYearEndDate') LIMIT 1[0m
  [4;35;1mConfiguration Load (0.3ms)[0m   [0mSELECT * FROM `configurations` WHERE (`configurations`.`config_key` = 'EnableNewsCommentModeration') LIMIT 1[0m
  [4;36;1mConfiguration Load (0.3ms)[0m   [0;1mSELECT * FROM `configurations` WHERE (`configurations`.`config_key` = 'DefaultCountry') LIMIT 1[0m
  [4;35;1mConfiguration Load (0.3ms)[0m   [0mSELECT * FROM `configurations` WHERE (`configurations`.`config_key` = 'TimeZone') LIMIT 1[0m
  [4;36;1mCACHE (0.0ms)[0m   [0;1mSELECT * FROM `configurations` WHERE (`configurations`.`config_key` = 'FirstTimeLoginEnable') LIMIT 1[0m
  [4;35;1mConfiguration Load (17.2ms)[0m   [0mSELECT * FROM `configurations` WHERE (`configurations`.`config_value` = '1' AND `configurations`.`config_key` IN ('CCE','CWA','GPA')) GROUP BY config_key[0m
  [4;36;1mTimeZone Load (0.6ms)[0m   [0;1mSELECT * FROM `time_zones` [0m
  [4;35;1mSchoolDetail Load (0.4ms)[0m   [0mSELECT * FROM `school_details` LIMIT 1[0m
  [4;36;1mSchoolDetail Columns (0.9ms)[0m   [0;1mSHOW FIELDS FROM `school_details`[0m
  [4;35;1mCountry Load (108.8ms)[0m   [0mSELECT * FROM `countries` ORDER BY name ASC[0m
Rendering template within layouts/application
Rendering configuration/settings
DEPRECATION WARNING: using %d in messages is deprecated; use {{count}} instead.. (called from interpolate at /home/mocheje/.rvm/gems/ruby-1.8.7-head/gems/activerecord-2.3.5/lib/active_record/i18n_interpolation_deprecation.rb:17)
DEPRECATION WARNING: using %d in messages is deprecated; use {{count}} instead.. (called from interpolate at /home/mocheje/.rvm/gems/ruby-1.8.7-head/gems/activerecord-2.3.5/lib/active_record/i18n_interpolation_deprecation.rb:17)
  [4;36;1mTimeZone Columns (2.3ms)[0m   [0;1mSHOW FIELDS FROM `time_zones`[0m
  [4;35;1mCountry Columns (9.0ms)[0m   [0mSHOW FIELDS FROM `countries`[0m
  [4;36;1mCACHE (0.0ms)[0m   [0;1mSELECT * FROM `configurations` WHERE (`configurations`.`config_key` = 'AvailableModules') [0m
  [4;35;1mCACHE (0.0ms)[0m   [0mSELECT * FROM `school_details` LIMIT 1[0m
Cache hit: current_school_name1 ({})
  [4;36;1mReminder Load (0.5ms)[0m   [0;1mSELECT * FROM `reminders` WHERE (recipient = '1') [0m
Rendered layouts/_reminder_count (3.7ms)
Cache hit: user_main_menu1 ({})
Cache hit: user_autocomplete_menu1 ({})
Rendered layouts/_autosuggest_menu (1.6ms)
Completed in 761ms (View: 239, DB: 157) | 200 OK [http://localhost/configuration/settings]
  [4;35;1mSQL (0.2ms)[0m   [0mSET SQL_AUTO_IS_NULL=0[0m


Processing ConfigurationController#settings (for 127.0.0.1 at 2015-08-29 03:55:02) [POST]
  Parameters: {"authenticity_token"=>"dfVp+fv9noGCBnrfyDuQbcLXWX6m8G2pvo0tK2jltB8=", "action"=>"settings", "controller"=>"configuration", "configuration"=>{"first_time_login_enable"=>"0", "default_country"=>"76", "institution_phone_no"=>"", "institution_address"=>"", "employee_number_auto_increment"=>"1", "financial_year_end_date"=>"2016-08-29", "cce"=>"0", "time_zone"=>"1", "financial_year_start_date"=>"2015-08-29", "student_attendance_type"=>"Daily", "network_state"=>"Online", "currency_type"=>"$", "admission_number_auto_increment"=>"1", "gpa"=>"0", "cwa"=>"0", "institution_name"=>"", "locale"=>"en"}, "commit"=>"► Update", "school_detail"=>{"school_logo"=>#<File:/tmp/RackMultipart20150829-10422-1r9xkl4-0>}}
  [4;36;1mUser Columns (2.5ms)[0m   [0;1mSHOW FIELDS FROM `users`[0m
  [4;35;1mUser Load (0.5ms)[0m   [0mSELECT * FROM `users` WHERE (`users`.`id` = 1) AND (`users`.`is_deleted` = 0) [0m
  [4;36;1mCACHE (0.0ms)[0m   [0;1mSELECT * FROM `users` WHERE (`users`.`id` = 1) AND (`users`.`is_deleted` = 0) [0m
  [4;35;1mConfiguration Columns (2.2ms)[0m   [0mSHOW FIELDS FROM `configurations`[0m
  [4;36;1mConfiguration Load (0.6ms)[0m   [0;1mSELECT * FROM `configurations` WHERE (`configurations`.`config_key` = 'Locale') LIMIT 1[0m
  [4;35;1mNews Columns (2.3ms)[0m   [0mSHOW FIELDS FROM `news`[0m
Expired fragment: views/News_latest_fragment (0.0ms)
  [4;36;1mConfiguration Load (0.5ms)[0m   [0;1mSELECT * FROM `configurations` WHERE (`configurations`.`config_key` = 'StudentAttendanceType') LIMIT 1[0m
  [4;35;1mConfiguration Load (0.4ms)[0m   [0mSELECT * FROM `configurations` WHERE (`configurations`.`config_key` = 'AvailableModules') [0m
  [4;36;1mCACHE (0.0ms)[0m   [0;1mSELECT * FROM `users` WHERE (`users`.`id` = 1) AND (`users`.`is_deleted` = 0) [0m
  [4;35;1mConfiguration Load (0.4ms)[0m   [0mSELECT * FROM `configurations` WHERE (`configurations`.`config_key` = 'FirstTimeLoginEnable') LIMIT 1[0m
  [4;36;1mCACHE (0.0ms)[0m   [0;1mSELECT * FROM `users` WHERE (`users`.`id` = 1) AND (`users`.`is_deleted` = 0) [0m
  [4;35;1mprivileges_users Columns (2.2ms)[0m   [0mSHOW FIELDS FROM `privileges_users`[0m
  [4;36;1mPrivilege Load (0.5ms)[0m   [0;1mSELECT * FROM `privileges` INNER JOIN `privileges_users` ON `privileges`.id = `privileges_users`.privilege_id WHERE (`privileges_users`.user_id = 1 ) [0m
  [4;35;1mConfiguration Load (0.6ms)[0m   [0mSELECT * FROM `configurations` WHERE (`configurations`.`config_key` = 'InstitutionName') LIMIT 1[0m
  [4;36;1mConfiguration Load (0.4ms)[0m   [0;1mSELECT * FROM `configurations` WHERE (`configurations`.`config_key` = 'InstitutionAddress') LIMIT 1[0m
  [4;35;1mConfiguration Load (0.4ms)[0m   [0mSELECT * FROM `configurations` WHERE (`configurations`.`config_key` = 'InstitutionPhoneNo') LIMIT 1[0m
  [4;36;1mCACHE (0.0ms)[0m   [0;1mSELECT * FROM `configurations` WHERE (`configurations`.`config_key` = 'StudentAttendanceType') LIMIT 1[0m
  [4;35;1mConfiguration Load (0.7ms)[0m   [0mSELECT * FROM `configurations` WHERE (`configurations`.`config_key` = 'CurrencyType') LIMIT 1[0m
  [4;36;1mConfiguration Load (0.4ms)[0m   [0;1mSELECT * FROM `configurations` WHERE (`configurations`.`config_key` = 'ExamResultType') LIMIT 1[0m
  [4;35;1mConfiguration Load (0.4ms)[0m   [0mSELECT * FROM `configurations` WHERE (`configurations`.`config_key` = 'AdmissionNumberAutoIncrement') LIMIT 1[0m
  [4;36;1mConfiguration Load (0.4ms)[0m   [0;1mSELECT * FROM `configurations` WHERE (`configurations`.`config_key` = 'EmployeeNumberAutoIncrement') LIMIT 1[0m
  [4;35;1mConfiguration Load (0.4ms)[0m   [0mSELECT * FROM `configurations` WHERE (`configurations`.`config_key` = 'NetworkState') LIMIT 1[0m
  [4;36;1mCACHE (0.0ms)[0m   [0;1mSELECT * FROM `configurations` WHERE (`configurations`.`config_key` = 'Locale') LIMIT 1[0m
  [4;35;1mConfiguration Load (0.4ms)[0m   [0mSELECT * FROM `configurations` WHERE (`configurations`.`config_key` = 'FinancialYearStartDate') LIMIT 1[0m
  [4;36;1mConfiguration Load (0.4ms)[0m   [0;1mSELECT * FROM `configurations` WHERE (`configurations`.`config_key` = 'FinancialYearEndDate') LIMIT 1[0m
  [4;35;1mConfiguration Load (0.3ms)[0m   [0mSELECT * FROM `configurations` WHERE (`configurations`.`config_key` = 'EnableNewsCommentModeration') LIMIT 1[0m
  [4;36;1mConfiguration Load (0.4ms)[0m   [0;1mSELECT * FROM `configurations` WHERE (`configurations`.`config_key` = 'DefaultCountry') LIMIT 1[0m
  [4;35;1mConfiguration Load (0.3ms)[0m   [0mSELECT * FROM `configurations` WHERE (`configurations`.`config_key` = 'TimeZone') LIMIT 1[0m
  [4;36;1mCACHE (0.0ms)[0m   [0;1mSELECT * FROM `configurations` WHERE (`configurations`.`config_key` = 'FirstTimeLoginEnable') LIMIT 1[0m
  [4;35;1mConfiguration Load (0.9ms)[0m   [0mSELECT * FROM `configurations` WHERE (`configurations`.`config_value` = '1' AND `configurations`.`config_key` IN ('CCE','CWA','GPA')) GROUP BY config_key[0m
  [4;36;1mTimeZone Load (0.5ms)[0m   [0;1mSELECT * FROM `time_zones` [0m
  [4;35;1mSchoolDetail Load (0.4ms)[0m   [0mSELECT * FROM `school_details` LIMIT 1[0m
  [4;36;1mSchoolDetail Columns (2.2ms)[0m   [0;1mSHOW FIELDS FROM `school_details`[0m
  [4;35;1mCountry Load (2.1ms)[0m   [0mSELECT * FROM `countries` ORDER BY name ASC[0m
  [4;36;1mCACHE (0.0ms)[0m   [0;1mSELECT * FROM `configurations` WHERE (`configurations`.`config_key` = 'InstitutionAddress') LIMIT 1[0m
  [4;35;1mSQL (0.1ms)[0m   [0mBEGIN[0m
  [4;36;1mSQL (18.6ms)[0m   [0;1mCOMMIT[0m
  [4;35;1mCACHE (0.0ms)[0m   [0mSELECT * FROM `configurations` WHERE (`configurations`.`config_key` = 'InstitutionPhoneNo') LIMIT 1[0m
  [4;36;1mSQL (0.2ms)[0m   [0;1mBEGIN[0m
  [4;35;1mSQL (0.1ms)[0m   [0mCOMMIT[0m
  [4;36;1mCACHE (0.0ms)[0m   [0;1mSELECT * FROM `configurations` WHERE (`configurations`.`config_key` = 'DefaultCountry') LIMIT 1[0m
  [4;35;1mSQL (0.2ms)[0m   [0mBEGIN[0m
  [4;36;1mSQL (0.2ms)[0m   [0;1mCOMMIT[0m
  [4;35;1mCACHE (0.0ms)[0m   [0mSELECT * FROM `configurations` WHERE (`configurations`.`config_key` = 'FirstTimeLoginEnable') LIMIT 1[0m
  [4;36;1mSQL (0.2ms)[0m   [0;1mBEGIN[0m
  [4;35;1mSQL (0.1ms)[0m   [0mCOMMIT[0m
  [4;36;1mCACHE (0.0ms)[0m   [0;1mSELECT * FROM `configurations` WHERE (`configurations`.`config_key` = 'FinancialYearEndDate') LIMIT 1[0m
  [4;35;1mSQL (0.1ms)[0m   [0mBEGIN[0m
  [4;36;1mSQL (0.1ms)[0m   [0;1mCOMMIT[0m
  [4;35;1mCACHE (0.0ms)[0m   [0mSELECT * FROM `configurations` WHERE (`configurations`.`config_key` = 'EmployeeNumberAutoIncrement') LIMIT 1[0m
  [4;36;1mSQL (0.1ms)[0m   [0;1mBEGIN[0m
  [4;35;1mSQL (0.1ms)[0m   [0mCOMMIT[0m
  [4;36;1mConfiguration Load (0.3ms)[0m   [0;1mSELECT * FROM `configurations` WHERE (`configurations`.`config_key` = 'Cce') LIMIT 1[0m
  [4;35;1mSQL (0.1ms)[0m   [0mBEGIN[0m
  [4;36;1mSQL (0.1ms)[0m   [0;1mCOMMIT[0m
  [4;35;1mCACHE (0.0ms)[0m   [0mSELECT * FROM `configurations` WHERE (`configurations`.`config_key` = 'StudentAttendanceType') LIMIT 1[0m
  [4;36;1mSQL (0.1ms)[0m   [0;1mBEGIN[0m
  [4;35;1mSQL (0.1ms)[0m   [0mCOMMIT[0m
  [4;36;1mCACHE (0.0ms)[0m   [0;1mSELECT * FROM `configurations` WHERE (`configurations`.`config_key` = 'FinancialYearStartDate') LIMIT 1[0m
  [4;35;1mSQL (0.1ms)[0m   [0mBEGIN[0m
  [4;36;1mSQL (0.1ms)[0m   [0;1mCOMMIT[0m
  [4;35;1mCACHE (0.0ms)[0m   [0mSELECT * FROM `configurations` WHERE (`configurations`.`config_key` = 'TimeZone') LIMIT 1[0m
  [4;36;1mSQL (0.1ms)[0m   [0;1mBEGIN[0m
  [4;35;1mConfiguration Create (40.5ms)[0m   [0mINSERT INTO `configurations` (`config_value`, `config_key`) VALUES('1', 'TimeZone')[0m
  [4;36;1mSQL (0.4ms)[0m   [0;1mCOMMIT[0m
  [4;35;1mConfiguration Load (0.4ms)[0m   [0mSELECT * FROM `configurations` WHERE (`configurations`.`config_key` = 'NetworkState') LIMIT 1[0m
  [4;36;1mSQL (0.1ms)[0m   [0;1mBEGIN[0m
  [4;35;1mSQL (0.1ms)[0m   [0mCOMMIT[0m
  [4;36;1mConfiguration Load (0.3ms)[0m   [0;1mSELECT * FROM `configurations` WHERE (`configurations`.`config_key` = 'CurrencyType') LIMIT 1[0m
  [4;35;1mSQL (0.1ms)[0m   [0mBEGIN[0m
  [4;36;1mSQL (0.1ms)[0m   [0;1mCOMMIT[0m
  [4;35;1mConfiguration Load (0.3ms)[0m   [0mSELECT * FROM `configurations` WHERE (`configurations`.`config_key` = 'Cwa') LIMIT 1[0m
  [4;36;1mSQL (0.1ms)[0m   [0;1mBEGIN[0m
  [4;35;1mSQL (0.1ms)[0m   [0mCOMMIT[0m
  [4;36;1mConfiguration Load (0.3ms)[0m   [0;1mSELECT * FROM `configurations` WHERE (`configurations`.`config_key` = 'Gpa') LIMIT 1[0m
  [4;35;1mSQL (0.1ms)[0m   [0mBEGIN[0m
  [4;36;1mSQL (0.1ms)[0m   [0;1mCOMMIT[0m
  [4;35;1mConfiguration Load (0.3ms)[0m   [0mSELECT * FROM `configurations` WHERE (`configurations`.`config_key` = 'AdmissionNumberAutoIncrement') LIMIT 1[0m
  [4;36;1mSQL (0.1ms)[0m   [0;1mBEGIN[0m
  [4;35;1mSQL (0.1ms)[0m   [0mCOMMIT[0m
  [4;36;1mConfiguration Load (0.3ms)[0m   [0;1mSELECT * FROM `configurations` WHERE (`configurations`.`config_key` = 'InstitutionName') LIMIT 1[0m
  [4;35;1mSQL (0.1ms)[0m   [0mBEGIN[0m
  [4;36;1mSQL (0.1ms)[0m   [0;1mCOMMIT[0m
  [4;35;1mConfiguration Load (0.3ms)[0m   [0mSELECT * FROM `configurations` WHERE (`configurations`.`config_key` = 'Locale') LIMIT 1[0m
  [4;36;1mSQL (0.1ms)[0m   [0;1mBEGIN[0m
  [4;35;1mSQL (0.1ms)[0m   [0mCOMMIT[0m
[paperclip] identify -format %wx%h '/tmp/stream20150829-10422-13sku9u-0.jpg[0]' 2>/dev/null
[paperclip] An error was received while processing: #<Paperclip::CommandNotFoundError: Paperclip::CommandNotFoundError>
  [4;36;1mSQL (0.1ms)[0m   [0;1mBEGIN[0m
  [4;35;1mSQL (0.1ms)[0m   [0mROLLBACK[0m
  [4;36;1mCACHE (0.0ms)[0m   [0;1mSELECT * FROM `configurations` WHERE (`configurations`.`config_key` = 'InstitutionName') LIMIT 1[0m
  [4;35;1mConfiguration Load (0.4ms)[0m   [0mSELECT * FROM `configurations` WHERE (`configurations`.`config_key` = 'InstitutionAddress') LIMIT 1[0m
  [4;36;1mConfiguration Load (0.3ms)[0m   [0;1mSELECT * FROM `configurations` WHERE (`configurations`.`config_key` = 'InstitutionPhoneNo') LIMIT 1[0m
  [4;35;1mConfiguration Load (0.2ms)[0m   [0mSELECT * FROM `configurations` WHERE (`configurations`.`config_key` = 'StudentAttendanceType') LIMIT 1[0m
  [4;36;1mCACHE (0.0ms)[0m   [0;1mSELECT * FROM `configurations` WHERE (`configurations`.`config_key` = 'CurrencyType') LIMIT 1[0m
  [4;35;1mConfiguration Load (0.2ms)[0m   [0mSELECT * FROM `configurations` WHERE (`configurations`.`config_key` = 'ExamResultType') LIMIT 1[0m
  [4;36;1mCACHE (0.0ms)[0m   [0;1mSELECT * FROM `configurations` WHERE (`configurations`.`config_key` = 'AdmissionNumberAutoIncrement') LIMIT 1[0m
  [4;35;1mConfiguration Load (0.3ms)[0m   [0mSELECT * FROM `configurations` WHERE (`configurations`.`config_key` = 'EmployeeNumberAutoIncrement') LIMIT 1[0m
  [4;36;1mCACHE (0.0ms)[0m   [0;1mSELECT * FROM `configurations` WHERE (`configurations`.`config_key` = 'NetworkState') LIMIT 1[0m
  [4;35;1mCACHE (0.0ms)[0m   [0mSELECT * FROM `configurations` WHERE (`configurations`.`config_key` = 'Locale') LIMIT 1[0m
  [4;36;1mConfiguration Load (0.3ms)[0m   [0;1mSELECT * FROM `configurations` WHERE (`configurations`.`config_key` = 'FinancialYearStartDate') LIMIT 1[0m
  [4;35;1mConfiguration Load (6.6ms)[0m   [0mSELECT * FROM `configurations` WHERE (`configurations`.`config_key` = 'FinancialYearEndDate') LIMIT 1[0m
  [4;36;1mConfiguration Load (0.3ms)[0m   [0;1mSELECT * FROM `configurations` WHERE (`configurations`.`config_key` = 'EnableNewsCommentModeration') LIMIT 1[0m
  [4;35;1mConfiguration Load (0.2ms)[0m   [0mSELECT * FROM `configurations` WHERE (`configurations`.`config_key` = 'DefaultCountry') LIMIT 1[0m
  [4;36;1mConfiguration Load (0.1ms)[0m   [0;1mSELECT * FROM `configurations` WHERE (`configurations`.`config_key` = 'TimeZone') LIMIT 1[0m
  [4;35;1mConfiguration Load (0.2ms)[0m   [0mSELECT * FROM `configurations` WHERE (`configurations`.`config_key` = 'FirstTimeLoginEnable') LIMIT 1[0m
Rendering template within layouts/application
Rendering configuration/settings
DEPRECATION WARNING: using %d in messages is deprecated; use {{count}} instead.. (called from interpolate at /home/mocheje/.rvm/gems/ruby-1.8.7-head/gems/activerecord-2.3.5/lib/active_record/i18n_interpolation_deprecation.rb:17)
DEPRECATION WARNING: using %d in messages is deprecated; use {{count}} instead.. (called from interpolate at /home/mocheje/.rvm/gems/ruby-1.8.7-head/gems/activerecord-2.3.5/lib/active_record/i18n_interpolation_deprecation.rb:17)
  [4;36;1mTimeZone Columns (28.2ms)[0m   [0;1mSHOW FIELDS FROM `time_zones`[0m
  [4;35;1mCountry Columns (2.1ms)[0m   [0mSHOW FIELDS FROM `countries`[0m
  [4;36;1mConfiguration Load (0.6ms)[0m   [0;1mSELECT * FROM `configurations` WHERE (`configurations`.`config_key` = 'AvailableModules') [0m
  [4;35;1mSchoolDetail Load (0.3ms)[0m   [0mSELECT * FROM `school_details` LIMIT 1[0m
Cache hit: current_school_name1 ({})
  [4;36;1mReminder Load (0.5ms)[0m   [0;1mSELECT * FROM `reminders` WHERE (recipient = '1') [0m
Rendered layouts/_reminder_count (5.0ms)
Cache hit: user_main_menu1 ({})
Cache hit: user_autocomplete_menu1 ({})
Rendered layouts/_autosuggest_menu (2.0ms)
Completed in 739ms (View: 52, DB: 130) | 200 OK [http://localhost/configuration/settings]
  [4;35;1mSQL (0.2ms)[0m   [0mSET SQL_AUTO_IS_NULL=0[0m


Processing ConfigurationController#settings (for 127.0.0.1 at 2015-08-29 03:55:48) [GET]
  Parameters: {"action"=>"settings", "controller"=>"configuration"}
  [4;36;1mUser Columns (2.6ms)[0m   [0;1mSHOW FIELDS FROM `users`[0m
  [4;35;1mUser Load (0.5ms)[0m   [0mSELECT * FROM `users` WHERE (`users`.`id` = 1) AND (`users`.`is_deleted` = 0) [0m
  [4;36;1mCACHE (0.0ms)[0m   [0;1mSELECT * FROM `users` WHERE (`users`.`id` = 1) AND (`users`.`is_deleted` = 0) [0m
  [4;35;1mConfiguration Columns (2.2ms)[0m   [0mSHOW FIELDS FROM `configurations`[0m
  [4;36;1mConfiguration Load (0.5ms)[0m   [0;1mSELECT * FROM `configurations` WHERE (`configurations`.`config_key` = 'Locale') LIMIT 1[0m
  [4;35;1mNews Columns (2.2ms)[0m   [0mSHOW FIELDS FROM `news`[0m
Expired fragment: views/News_latest_fragment (0.0ms)
  [4;36;1mConfiguration Load (0.6ms)[0m   [0;1mSELECT * FROM `configurations` WHERE (`configurations`.`config_key` = 'StudentAttendanceType') LIMIT 1[0m
  [4;35;1mConfiguration Load (0.4ms)[0m   [0mSELECT * FROM `configurations` WHERE (`configurations`.`config_key` = 'AvailableModules') [0m
  [4;36;1mCACHE (0.0ms)[0m   [0;1mSELECT * FROM `users` WHERE (`users`.`id` = 1) AND (`users`.`is_deleted` = 0) [0m
  [4;35;1mConfiguration Load (0.4ms)[0m   [0mSELECT * FROM `configurations` WHERE (`configurations`.`config_key` = 'FirstTimeLoginEnable') LIMIT 1[0m
  [4;36;1mCACHE (0.0ms)[0m   [0;1mSELECT * FROM `users` WHERE (`users`.`id` = 1) AND (`users`.`is_deleted` = 0) [0m
  [4;35;1mprivileges_users Columns (65.8ms)[0m   [0mSHOW FIELDS FROM `privileges_users`[0m
  [4;36;1mPrivilege Load (0.6ms)[0m   [0;1mSELECT * FROM `privileges` INNER JOIN `privileges_users` ON `privileges`.id = `privileges_users`.privilege_id WHERE (`privileges_users`.user_id = 1 ) [0m
  [4;35;1mConfiguration Load (0.6ms)[0m   [0mSELECT * FROM `configurations` WHERE (`configurations`.`config_key` = 'InstitutionName') LIMIT 1[0m
  [4;36;1mConfiguration Load (0.4ms)[0m   [0;1mSELECT * FROM `configurations` WHERE (`configurations`.`config_key` = 'InstitutionAddress') LIMIT 1[0m
  [4;35;1mConfiguration Load (0.4ms)[0m   [0mSELECT * FROM `configurations` WHERE (`configurations`.`config_key` = 'InstitutionPhoneNo') LIMIT 1[0m
  [4;36;1mCACHE (0.0ms)[0m   [0;1mSELECT * FROM `configurations` WHERE (`configurations`.`config_key` = 'StudentAttendanceType') LIMIT 1[0m
  [4;35;1mConfiguration Load (0.4ms)[0m   [0mSELECT * FROM `configurations` WHERE (`configurations`.`config_key` = 'CurrencyType') LIMIT 1[0m
  [4;36;1mConfiguration Load (0.2ms)[0m   [0;1mSELECT * FROM `configurations` WHERE (`configurations`.`config_key` = 'ExamResultType') LIMIT 1[0m
  [4;35;1mConfiguration Load (0.4ms)[0m   [0mSELECT * FROM `configurations` WHERE (`configurations`.`config_key` = 'AdmissionNumberAutoIncrement') LIMIT 1[0m
  [4;36;1mConfiguration Load (0.3ms)[0m   [0;1mSELECT * FROM `configurations` WHERE (`configurations`.`config_key` = 'EmployeeNumberAutoIncrement') LIMIT 1[0m
  [4;35;1mConfiguration Load (0.3ms)[0m   [0mSELECT * FROM `configurations` WHERE (`configurations`.`config_key` = 'NetworkState') LIMIT 1[0m
  [4;36;1mCACHE (0.0ms)[0m   [0;1mSELECT * FROM `configurations` WHERE (`configurations`.`config_key` = 'Locale') LIMIT 1[0m
  [4;35;1mConfiguration Load (0.4ms)[0m   [0mSELECT * FROM `configurations` WHERE (`configurations`.`config_key` = 'FinancialYearStartDate') LIMIT 1[0m
  [4;36;1mConfiguration Load (0.4ms)[0m   [0;1mSELECT * FROM `configurations` WHERE (`configurations`.`config_key` = 'FinancialYearEndDate') LIMIT 1[0m
  [4;35;1mConfiguration Load (0.3ms)[0m   [0mSELECT * FROM `configurations` WHERE (`configurations`.`config_key` = 'EnableNewsCommentModeration') LIMIT 1[0m
  [4;36;1mConfiguration Load (0.3ms)[0m   [0;1mSELECT * FROM `configurations` WHERE (`configurations`.`config_key` = 'DefaultCountry') LIMIT 1[0m
  [4;35;1mConfiguration Load (0.3ms)[0m   [0mSELECT * FROM `configurations` WHERE (`configurations`.`config_key` = 'TimeZone') LIMIT 1[0m
  [4;36;1mCACHE (0.0ms)[0m   [0;1mSELECT * FROM `configurations` WHERE (`configurations`.`config_key` = 'FirstTimeLoginEnable') LIMIT 1[0m
  [4;35;1mConfiguration Load (0.9ms)[0m   [0mSELECT * FROM `configurations` WHERE (`configurations`.`config_value` = '1' AND `configurations`.`config_key` IN ('CCE','CWA','GPA')) GROUP BY config_key[0m
  [4;36;1mTimeZone Load (0.6ms)[0m   [0;1mSELECT * FROM `time_zones` [0m
  [4;35;1mSchoolDetail Load (0.4ms)[0m   [0mSELECT * FROM `school_details` LIMIT 1[0m
  [4;36;1mSchoolDetail Columns (2.2ms)[0m   [0;1mSHOW FIELDS FROM `school_details`[0m
  [4;35;1mCountry Load (1.7ms)[0m   [0mSELECT * FROM `countries` ORDER BY name ASC[0m
Rendering template within layouts/application
Rendering configuration/settings
DEPRECATION WARNING: using %d in messages is deprecated; use {{count}} instead.. (called from interpolate at /home/mocheje/.rvm/gems/ruby-1.8.7-head/gems/activerecord-2.3.5/lib/active_record/i18n_interpolation_deprecation.rb:17)
DEPRECATION WARNING: using %d in messages is deprecated; use {{count}} instead.. (called from interpolate at /home/mocheje/.rvm/gems/ruby-1.8.7-head/gems/activerecord-2.3.5/lib/active_record/i18n_interpolation_deprecation.rb:17)
  [4;36;1mTimeZone Columns (2.1ms)[0m   [0;1mSHOW FIELDS FROM `time_zones`[0m
  [4;35;1mCountry Columns (19.5ms)[0m   [0mSHOW FIELDS FROM `countries`[0m
  [4;36;1mCACHE (0.0ms)[0m   [0;1mSELECT * FROM `configurations` WHERE (`configurations`.`config_key` = 'AvailableModules') [0m
  [4;35;1mCACHE (0.0ms)[0m   [0mSELECT * FROM `school_details` LIMIT 1[0m
Cache hit: current_school_name1 ({})
  [4;36;1mReminder Load (0.3ms)[0m   [0;1mSELECT * FROM `reminders` WHERE (recipient = '1') [0m
Rendered layouts/_reminder_count (3.1ms)
Cache hit: user_main_menu1 ({})
Cache hit: user_autocomplete_menu1 ({})
Rendered layouts/_autosuggest_menu (1.5ms)
Completed in 471ms (View: 45, DB: 108) | 200 OK [http://localhost/configuration/settings]
